<testsuite errors="0" failures="0" name="Django Project Tests" skips="0" tests="1" time="0.000"><testcase classname="apps.account.tests.PersonaTestCase" name="test_personas_have_apell" time="0.000000" /></testsuite>